<?xml version="1.0" encoding="UTF-8"?>
<!-- Generated by org.testng.reporters.JUnitReportReporter -->
<testsuite hostname="RATAN" failures="0" tests="1" name="testCases.TC_01Login" time="2.193" errors="0" timestamp="2023-02-10T07:31:28 EST" skipped="0">
  <testcase classname="testCases.TC_01Login" name="login" time="2.193"/>
  <system-out/>
</testsuite> <!-- testCases.TC_01Login -->
